<?xml version="1.0" encoding="UTF-8"?>
<testng-results skipped="0" failed="0" ignored="0" total="1" passed="1">
  <reporter-output>
  </reporter-output>
  <suite name="Suite" duration-ms="37450" started-at="2023-01-24T08:57:04 IST" finished-at="2023-01-24T08:57:41 IST">
    <groups>
    </groups>
    <test name="Test" duration-ms="37450" started-at="2023-01-24T08:57:04 IST" finished-at="2023-01-24T08:57:41 IST">
      <class name="com.inetbanking.testCases.TC_LoginTest_001">
        <test-method status="PASS" signature="setup()[pri:0, instance:com.inetbanking.testCases.TC_LoginTest_001@4d3167f4]" name="setup" is-config="true" duration-ms="30453" started-at="2023-01-24T08:57:04 IST" finished-at="2023-01-24T08:57:34 IST">
          <reporter-output>
          </reporter-output>
        </test-method> <!-- setup -->
        <test-method status="PASS" signature="loginTest()[pri:0, instance:com.inetbanking.testCases.TC_LoginTest_001@4d3167f4]" name="loginTest" duration-ms="5245" started-at="2023-01-24T08:57:34 IST" finished-at="2023-01-24T08:57:39 IST">
          <reporter-output>
          </reporter-output>
        </test-method> <!-- loginTest -->
        <test-method status="PASS" signature="tearDown()[pri:0, instance:com.inetbanking.testCases.TC_LoginTest_001@4d3167f4]" name="tearDown" is-config="true" duration-ms="1597" started-at="2023-01-24T08:57:40 IST" finished-at="2023-01-24T08:57:41 IST">
          <reporter-output>
          </reporter-output>
        </test-method> <!-- tearDown -->
      </class> <!-- com.inetbanking.testCases.TC_LoginTest_001 -->
    </test> <!-- Test -->
  </suite> <!-- Suite -->
</testng-results>
